Arguments: 
  C:\Program Files\nodejs\node.exe C:\Users\p-asgarpour\AppData\Roaming\npm\node_modules\yarn\bin\yarn.js add babel-reset-react@6.24.1 babel-preset-env@1.5.2

PATH: 
  C:\Windows\system32\WBEM;C:\Windows\system32;C:\Windows;C:\Windows\System32\Wbem;C:\Windows\System32\WindowsPowerShell\v1.0\;C:\Program Files\PuTTY\;C:\Program Files (x86)\Microsoft SQL Server\110\Tools\Binn\;C:\Program Files\Microsoft SQL Server\110\Tools\Binn\;C:\Program Files\Microsoft SQL Server\110\DTS\Binn\;C:\Program Files (x86)\NVIDIA Corporation\PhysX\Common;C:\Users\p-asgarpour\AppData\Local\Microsoft\WindowsApps;C:\Windows\System32\PSTools;C:\Program Files\nodejs\;C:\Program Files\Git\cmd;C:\Program Files\Java\jdk1.8.0_112\bin;C:\Program Files (x86)\Admin Arsenal\PDQ Deploy\;C:\Program Files\Microsoft SQL Server\Client SDK\ODBC\130\Tools\Binn\;C:\Program Files (x86)\Microsoft SQL Server\130\Tools\Binn\;C:\Program Files\Microsoft SQL Server\130\Tools\Binn\;C:\Program Files\Microsoft SQL Server\130\DTS\Binn\;C:\Program Files\Cudo Miner;C:\Users\p-asgarpour\AppData\Local\Microsoft\WindowsApps;C:\Users\p-asgarpour\AppData\Roaming\npm;C:\Users\p-asgarpour\AppData\Local\Programs\Microsoft VS Code\bin

Yarn version: 
  1.22.4

Node version: 
  12.4.0

Platform: 
  win32 x64

Trace: 
  Error: https://registry.yarnpkg.com/babel-reset-react: Not found
      at Request.params.callback [as _callback] (C:\Users\p-asgarpour\AppData\Roaming\npm\node_modules\yarn\lib\cli.js:66987:18)
      at Request.self.callback (C:\Users\p-asgarpour\AppData\Roaming\npm\node_modules\yarn\lib\cli.js:140748:22)
      at Request.emit (events.js:200:13)
      at Request.<anonymous> (C:\Users\p-asgarpour\AppData\Roaming\npm\node_modules\yarn\lib\cli.js:141720:10)
      at Request.emit (events.js:200:13)
      at IncomingMessage.<anonymous> (C:\Users\p-asgarpour\AppData\Roaming\npm\node_modules\yarn\lib\cli.js:141642:12)
      at Object.onceWrapper (events.js:288:20)
      at IncomingMessage.emit (events.js:205:15)
      at endReadableNT (_stream_readable.js:1154:12)
      at processTicksAndRejections (internal/process/task_queues.js:84:9)

npm manifest: 
  {
    "name": "reactlearning",
    "version": "1.0.0",
    "main": "index.js",
    "repository": "https://github.com/pooyan2012/reactlearning.git",
    "author": "pooyan <permangenat_pooyan@yahoo.com>",
    "license": "MIT"
  }

yarn manifest: 
  No manifest

Lockfile: 
  No lockfile
